19:18:12.681 INFO - Launching a standalone server
Setting system property webdriver.chrome.driver to lib/drivers/chromedriver.exe
Setting system property webdriver.ie.driver to lib/drivers/IEDriverServer.exe
19:18:12.868 INFO - Java: Oracle Corporation 25.51-b03
19:18:12.868 INFO - OS: Windows 8.1 6.3 amd64
19:18:12.889 INFO - v2.45.0, with Core v2.45.0. Built from revision 5017cb8
19:18:13.156 INFO - RemoteWebDriver instances should connect to: http://127.0.0.1:4444/wd/hub
19:18:13.158 INFO - Version Jetty/5.1.x
19:18:13.160 INFO - Started HttpContext[/selenium-server,/selenium-server]
19:18:13.294 INFO - Started org.openqa.jetty.jetty.servlet.ServletHandler@1b40d5f0
19:18:13.294 INFO - Started HttpContext[/wd,/wd]
19:18:13.294 INFO - Started HttpContext[/selenium-server/driver,/selenium-server/driver]
19:18:13.294 INFO - Started HttpContext[/,/]
19:18:13.302 INFO - Started SocketListener on 0.0.0.0:4444
19:18:13.302 INFO - Started org.openqa.jetty.jetty.Server@7cd84586
19:18:13.854 INFO - Executing: [new session: Capabilities [{acceptSslCerts=true, name=Fontloginlogout, browserName=chrome, javascriptEnabled=true, chromeOptions={args=[disable-web-security, ignore-certificate-errors, --test-type]}, platform=ANY}]])
19:18:13.876 INFO - Creating a new session for Capabilities [{acceptSslCerts=true, name=Fontloginlogout, browserName=chrome, javascriptEnabled=true, chromeOptions={args=[disable-web-security, ignore-certificate-errors, --test-type]}, platform=ANY}]
Starting ChromeDriver (v2.9.248315) on port 48943
19:18:16.249 INFO - Done: [new session: Capabilities [{acceptSslCerts=true, name=Fontloginlogout, browserName=chrome, javascriptEnabled=true, chromeOptions={args=[disable-web-security, ignore-certificate-errors, --test-type]}, platform=ANY}]]
19:18:16.299 INFO - Executing: [get: http://howdy.fonts.com/])
19:18:23.931 INFO - Done: [get: http://howdy.fonts.com/]
19:18:23.951 INFO - Executing: [find elements: By.cssSelector: .ajax-has-dropdown a[href='/secure/sign-in']])
19:18:24.022 INFO - Done: [find elements: By.cssSelector: .ajax-has-dropdown a[href='/secure/sign-in']]
19:18:24.033 INFO - Executing: [is displayed: 0 [[ChromeDriver: chrome on WIN8_1 (6e3fc346ce6dadae69a366fdf11fcfbb)] -> css selector: .ajax-has-dropdown a[href='/secure/sign-in']]])
19:18:24.077 INFO - Done: [is displayed: 0 [[ChromeDriver: chrome on WIN8_1 (6e3fc346ce6dadae69a366fdf11fcfbb)] -> css selector: .ajax-has-dropdown a[href='/secure/sign-in']]]
19:18:24.091 INFO - Executing: [find element: By.cssSelector: .ajax-has-dropdown a[href='/secure/sign-in']])
19:18:24.129 INFO - Done: [find element: By.cssSelector: .ajax-has-dropdown a[href='/secure/sign-in']]
19:18:24.137 INFO - Executing: [click: 0 [[ChromeDriver: chrome on WIN8_1 (6e3fc346ce6dadae69a366fdf11fcfbb)] -> css selector: .ajax-has-dropdown a[href='/secure/sign-in']]])
19:18:24.229 INFO - Done: [click: 0 [[ChromeDriver: chrome on WIN8_1 (6e3fc346ce6dadae69a366fdf11fcfbb)] -> css selector: .ajax-has-dropdown a[href='/secure/sign-in']]]
19:18:24.238 INFO - Executing: [find element: By.cssSelector: ul[class='ajax-dropdown signinform'] li[data-action='target'] #member-signin-section #hovered-member-signin-section form[action='https://howdy.fonts.com/other/customer/signin'] #UserName])
19:18:25.113 WARN - Exception thrown
org.openqa.selenium.NoSuchElementException: no such element
  (Session info: chrome=48.0.2564.97)
  (Driver info: chromedriver=2.9.248315,platform=Windows NT 6.3 x86_64) (WARNING: The server did not provide any stacktrace information)
Command duration or timeout: 68 milliseconds
For documentation on this error, please visit: http://seleniumhq.org/exceptions/no_such_element.html
Build info: version: '2.45.0', revision: '5017cb8', time: '2015-02-26 23:59:50'
System info: host: 'noi-akashs-w81', ip: '172.28.1.198', os.name: 'Windows 8.1', os.arch: 'amd64', os.version: '6.3', java.version: '1.8.0_51'
Driver info: org.openqa.selenium.chrome.ChromeDriver
Capabilities [{applicationCacheEnabled=false, rotatable=false, chrome={userDataDir=C:\Users\satijaa\AppData\Local\Temp\scoped_dir11816_8067}, takesHeapSnapshot=true, databaseEnabled=false, handlesAlerts=true, version=48.0.2564.97, platform=WIN8_1, browserConnectionEnabled=false, nativeEvents=true, acceptSslCerts=true, locationContextEnabled=true, webStorageEnabled=true, browserName=chrome, takesScreenshot=true, javascriptEnabled=true, cssSelectorsEnabled=true}]
Session ID: 6e3fc346ce6dadae69a366fdf11fcfbb
*** Element info: {Using=css selector, value=ul[class='ajax-dropdown signinform'] li[data-action='target'] #member-signin-section #hovered-member-signin-section form[action='https://howdy.fonts.com/other/customer/signin'] #UserName}
	at sun.reflect.NativeConstructorAccessorImpl.newInstance0(Native Method)
	at sun.reflect.NativeConstructorAccessorImpl.newInstance(Unknown Source)
	at sun.reflect.DelegatingConstructorAccessorImpl.newInstance(Unknown Source)
	at java.lang.reflect.Constructor.newInstance(Unknown Source)
	at org.openqa.selenium.remote.ErrorHandler.createThrowable(ErrorHandler.java:204)
	at org.openqa.selenium.remote.ErrorHandler.throwIfResponseFailed(ErrorHandler.java:156)
	at org.openqa.selenium.remote.RemoteWebDriver.execute(RemoteWebDriver.java:599)
	at org.openqa.selenium.remote.RemoteWebDriver.findElement(RemoteWebDriver.java:352)
	at org.openqa.selenium.remote.RemoteWebDriver.findElementByCssSelector(RemoteWebDriver.java:441)
	at org.openqa.selenium.By$ByCssSelector.findElement(By.java:426)
	at org.openqa.selenium.remote.RemoteWebDriver.findElement(RemoteWebDriver.java:344)
	at sun.reflect.NativeMethodAccessorImpl.invoke0(Native Method)
	at sun.reflect.NativeMethodAccessorImpl.invoke(Unknown Source)
	at sun.reflect.DelegatingMethodAccessorImpl.invoke(Unknown Source)
	at java.lang.reflect.Method.invoke(Unknown Source)
	at org.openqa.selenium.support.events.EventFiringWebDriver$2.invoke(EventFiringWebDriver.java:101)
	at com.sun.proxy.$Proxy1.findElement(Unknown Source)
	at org.openqa.selenium.support.events.EventFiringWebDriver.findElement(EventFiringWebDriver.java:184)
	at org.openqa.selenium.remote.server.handler.FindElement.call(FindElement.java:47)
	at org.openqa.selenium.remote.server.handler.FindElement.call(FindElement.java:1)
	at java.util.concurrent.FutureTask.run(Unknown Source)
	at org.openqa.selenium.remote.server.DefaultSession$1.run(DefaultSession.java:168)
	at java.util.concurrent.ThreadPoolExecutor.runWorker(Unknown Source)
	at java.util.concurrent.ThreadPoolExecutor$Worker.run(Unknown Source)
	at java.lang.Thread.run(Unknown Source)
19:18:25.121 WARN - Exception: no such element
  (Session info: chrome=48.0.2564.97)
  (Driver info: chromedriver=2.9.248315,platform=Windows NT 6.3 x86_64) (WARNING: The server did not provide any stacktrace information)
Command duration or timeout: 68 milliseconds
For documentation on this error, please visit: http://seleniumhq.org/exceptions/no_such_element.html
Build info: version: '2.45.0', revision: '5017cb8', time: '2015-02-26 23:59:50'
System info: host: 'noi-akashs-w81', ip: '172.28.1.198', os.name: 'Windows 8.1', os.arch: 'amd64', os.version: '6.3', java.version: '1.8.0_51'
Driver info: org.openqa.selenium.chrome.ChromeDriver
Capabilities [{applicationCacheEnabled=false, rotatable=false, chrome={userDataDir=C:\Users\satijaa\AppData\Local\Temp\scoped_dir11816_8067}, takesHeapSnapshot=true, databaseEnabled=false, handlesAlerts=true, version=48.0.2564.97, platform=WIN8_1, browserConnectionEnabled=false, nativeEvents=true, acceptSslCerts=true, locationContextEnabled=true, webStorageEnabled=true, browserName=chrome, takesScreenshot=true, javascriptEnabled=true, cssSelectorsEnabled=true}]
Session ID: 6e3fc346ce6dadae69a366fdf11fcfbb
*** Element info: {Using=css selector, value=ul[class='ajax-dropdown signinform'] li[data-action='target'] #member-signin-section #hovered-member-signin-section form[action='https://howdy.fonts.com/other/customer/signin'] #UserName}
